<?xml version="1.0" encoding="UTF-8"?>
<!-- Generated by org.testng.reporters.JUnitReportReporter -->
<testsuite hostname="Priya_Oryggi" failures="0" tests="1" name="com.oryggi.tests.DashboardTest" time="11.842" errors="0" timestamp="2025-04-03T12:55:33 IST" skipped="0">
  <testcase classname="com.oryggi.tests.DashboardTest" name="testLogoutFunctionality" time="11.842"/>
  <system-out/>
</testsuite> <!-- com.oryggi.tests.DashboardTest -->
