<?xml version="1.0" encoding="UTF-8"?>
<!-- Generated by org.testng.reporters.JUnitReportReporter -->
<testsuite hostname="Priya_Oryggi" failures="0" tests="5" name="com.oryggi.tests.LoginTest" time="53.349" errors="0" timestamp="2025-02-28T01:01:49 IST" skipped="0">
  <testcase classname="com.oryggi.tests.LoginTest" name="testLoginWithInvalidCredentials" time="8.620"/>
  <system-out/>
  <testcase classname="com.oryggi.tests.LoginTest" name="verifyLoginPageTitle" time="10.935"/>
  <system-out/>
  <testcase classname="com.oryggi.tests.LoginTest" name="testLoginWithEmail" time="13.262"/>
  <system-out/>
  <testcase classname="com.oryggi.tests.LoginTest" name="testEmptyFieldsValidation" time="6.167"/>
  <system-out/>
  <testcase classname="com.oryggi.tests.LoginTest" name="testLoginWithUsername" time="14.365"/>
  <system-out/>
</testsuite> <!-- com.oryggi.tests.LoginTest -->
