<?xml version="1.0" encoding="UTF-8"?>
<!-- Generated by org.testng.reporters.JUnitReportReporter -->
<testsuite hostname="Priya_Oryggi" failures="0" tests="5" name="com.oryggi.tests.LoginTest" time="45.097" errors="0" timestamp="2025-02-26T02:07:30 IST" skipped="0">
  <testcase classname="com.oryggi.tests.LoginTest" name="verifyLoginPageTitle" time="5.298"/>
  <system-out/>
  <testcase classname="com.oryggi.tests.LoginTest" name="testLoginWithEmail" time="7.498"/>
  <system-out/>
  <testcase classname="com.oryggi.tests.LoginTest" name="testLoginWithInvalidCredentials" time="7.974"/>
  <system-out/>
  <testcase classname="com.oryggi.tests.LoginTest" name="testLoginWithUsername" time="14.076"/>
  <system-out/>
  <testcase classname="com.oryggi.tests.LoginTest" name="testEmptyFieldsValidation" time="10.251"/>
  <system-out/>
</testsuite> <!-- com.oryggi.tests.LoginTest -->
