<?xml version="1.0" encoding="UTF-8"?>
<!-- Generated by org.testng.reporters.JUnitReportReporter -->
<testsuite hostname="Priya_Oryggi" failures="0" tests="2" name="com.oryggi.tests.TestAddEmployee" time="23.224" errors="0" timestamp="2025-04-01T12:05:24 IST" skipped="0">
  <testcase classname="com.oryggi.tests.TestAddEmployee" name="testAddEmployeeButton" time="10.933"/>
  <system-out/>
  <testcase classname="com.oryggi.tests.TestAddEmployee" name="testSearchEmployee" time="12.291"/>
  <system-out/>
</testsuite> <!-- com.oryggi.tests.TestAddEmployee -->
