<?xml version="1.0" encoding="UTF-8"?>
<!-- Generated by org.testng.reporters.JUnitReportReporter -->
<testsuite hostname="Priya_Oryggi" failures="0" tests="2" name="com.oryggi.tests.ForgotPasswordTest" time="54.853" errors="0" timestamp="2025-04-01T12:27:15 IST" skipped="0">
  <testcase classname="com.oryggi.tests.ForgotPasswordTest" name="testForgotPasswordNavigation" time="6.636"/>
  <system-out/>
  <testcase classname="com.oryggi.tests.ForgotPasswordTest" name="testForgetPassword" time="48.217"/>
  <system-out/>
</testsuite> <!-- com.oryggi.tests.ForgotPasswordTest -->
